<?xml version="1.0" encoding="UTF-8"?>
<testng-results skipped="0" failed="0" total="1" passed="1">
  <reporter-output>
  </reporter-output>
  <suite name="Cnn UI Tests" duration-ms="85228" started-at="2014-04-07T22:16:02Z" finished-at="2014-04-07T22:17:27Z">
    <groups>
    </groups>
    <test name="Cnn on Mac OS X with firefox Tests" duration-ms="85228" started-at="2014-04-07T22:16:02Z" finished-at="2014-04-07T22:17:27Z">
      <class name="home.NavigationTab">
        <test-method status="PASS" signature="setUp()[pri:0, instance:home.NavigationTab@ba12d24]" name="setUp" is-config="true" duration-ms="10130" started-at="2014-04-07T18:16:02Z" finished-at="2014-04-07T18:16:12Z">
          <reporter-output>
          </reporter-output>
        </test-method> <!-- setUp -->
        <test-method status="PASS" signature="test()[pri:0, instance:home.NavigationTab@ba12d24]" name="test" duration-ms="75085" started-at="2014-04-07T18:16:12Z" finished-at="2014-04-07T18:17:27Z">
          <reporter-output>
          </reporter-output>
        </test-method> <!-- test -->
        <test-method status="PASS" signature="tearDown()[pri:0, instance:home.NavigationTab@ba12d24]" name="tearDown" is-config="true" duration-ms="1" started-at="2014-04-07T18:17:27Z" finished-at="2014-04-07T18:17:27Z">
          <reporter-output>
          </reporter-output>
        </test-method> <!-- tearDown -->
      </class> <!-- home.NavigationTab -->
    </test> <!-- Cnn on Mac OS X with firefox Tests -->
  </suite> <!-- Cnn UI Tests -->
</testng-results>
